[0m11:52:57.274443 [debug] [MainThread]: Sending event: {'category': 'dbt', 'action': 'invocation', 'label': 'start', 'context': [<snowplow_tracker.self_describing_json.SelfDescribingJson object at 0x000002335563B010>, <snowplow_tracker.self_describing_json.SelfDescribingJson object at 0x0000023357DE7290>, <snowplow_tracker.self_describing_json.SelfDescribingJson object at 0x0000023357A5D810>]}


============================== 11:52:57.278442 | 5c8e9125-a69f-4ee4-9392-3a7d1bc22c25 ==============================
[0m11:52:57.278442 [info ] [MainThread]: Running with dbt=1.5.9
[0m11:52:57.279442 [debug] [MainThread]: running dbt with arguments {'printer_width': '80', 'indirect_selection': 'eager', 'log_cache_events': 'False', 'write_json': 'True', 'partial_parse': 'True', 'cache_selected_only': 'False', 'warn_error': 'None', 'fail_fast': 'False', 'profiles_dir': 'C:\\Users\\Chinapat Onprasert\\.dbt', 'log_path': 'logs', 'debug': 'False', 'version_check': 'True', 'use_colors': 'True', 'use_experimental_parser': 'False', 'no_print': 'None', 'quiet': 'False', 'log_format': 'default', 'static_parser': 'True', 'introspect': 'True', 'warn_error_options': 'WarnErrorOptions(include=[], exclude=[])', 'target_path': 'None', 'send_anonymous_usage_stats': 'True'}
[0m11:52:57.280442 [error] [MainThread]: Encountered an error:
Runtime Error
  No dbt_project.yml found at expected path C:\Users\Public\Workshop_spaces\dagster_etl\dbt-dw\dbt_project.yml
  Verify that each entry within packages.yml (and their transitive dependencies) contains a file named dbt_project.yml
  
[0m11:52:57.281442 [debug] [MainThread]: Command `dbt run` failed at 11:52:57.281442 after 0.06 seconds
[0m11:52:57.282442 [debug] [MainThread]: Sending event: {'category': 'dbt', 'action': 'invocation', 'label': 'end', 'context': [<snowplow_tracker.self_describing_json.SelfDescribingJson object at 0x000002335818C490>, <snowplow_tracker.self_describing_json.SelfDescribingJson object at 0x00000233580F7710>, <snowplow_tracker.self_describing_json.SelfDescribingJson object at 0x00000233581091D0>]}
[0m11:52:57.282442 [debug] [MainThread]: Flushing usage events
[0m14:03:22.122292 [debug] [MainThread]: Sending event: {'category': 'dbt', 'action': 'invocation', 'label': 'start', 'context': [<snowplow_tracker.self_describing_json.SelfDescribingJson object at 0x000001E95816C410>, <snowplow_tracker.self_describing_json.SelfDescribingJson object at 0x000001E958362290>, <snowplow_tracker.self_describing_json.SelfDescribingJson object at 0x000001E9588B6650>]}


============================== 14:03:22.126832 | 452c63a4-d76e-43db-810f-313b24e3572f ==============================
[0m14:03:22.126832 [info ] [MainThread]: Running with dbt=1.7.2
[0m14:03:22.128060 [debug] [MainThread]: running dbt with arguments {'printer_width': '80', 'indirect_selection': 'eager', 'log_cache_events': 'False', 'write_json': 'True', 'partial_parse': 'True', 'cache_selected_only': 'False', 'profiles_dir': 'C:\\Users\\Chinapat Onprasert\\.dbt', 'debug': 'False', 'warn_error': 'None', 'log_path': 'logs', 'version_check': 'True', 'fail_fast': 'False', 'use_colors': 'True', 'use_experimental_parser': 'False', 'no_print': 'None', 'quiet': 'False', 'warn_error_options': 'WarnErrorOptions(include=[], exclude=[])', 'introspect': 'True', 'invocation_command': 'dbt debug', 'static_parser': 'True', 'target_path': 'None', 'log_format': 'default', 'send_anonymous_usage_stats': 'True'}
[0m14:03:22.128060 [info ] [MainThread]: dbt version: 1.7.2
[0m14:03:22.129261 [info ] [MainThread]: python version: 3.11.4
[0m14:03:22.130283 [info ] [MainThread]: python path: C:\Users\Public\Workshop_spaces\dagster_etl\dbt-dw\env\Scripts\python.exe
[0m14:03:22.130283 [info ] [MainThread]: os info: Windows-10-10.0.22621-SP0
[0m14:03:22.249260 [info ] [MainThread]: Using profiles dir at C:\Users\Chinapat Onprasert\.dbt
[0m14:03:22.250261 [info ] [MainThread]: Using profiles.yml file at C:\Users\Chinapat Onprasert\.dbt\profiles.yml
[0m14:03:22.251470 [info ] [MainThread]: Using dbt_project.yml file at C:\Users\Public\Workshop_spaces\dagster_etl\dbt-dw\dbt_project.yml
[0m14:03:22.252556 [info ] [MainThread]: Configuration:
[0m14:03:22.252556 [info ] [MainThread]:   profiles.yml file [[31mERROR invalid[0m]
[0m14:03:22.253562 [info ] [MainThread]:   dbt_project.yml file [[31mERROR not found[0m]
[0m14:03:22.253562 [info ] [MainThread]: Required dependencies:
[0m14:03:22.253562 [debug] [MainThread]: Executing "git --help"
[0m14:03:22.321986 [debug] [MainThread]: STDOUT: "b"usage: git [-v | --version] [-h | --help] [-C <path>] [-c <name>=<value>]\n           [--exec-path[=<path>]] [--html-path] [--man-path] [--info-path]\n           [-p | --paginate | -P | --no-pager] [--no-replace-objects] [--bare]\n           [--git-dir=<path>] [--work-tree=<path>] [--namespace=<name>]\n           [--config-env=<name>=<envvar>] <command> [<args>]\n\nThese are common Git commands used in various situations:\n\nstart a working area (see also: git help tutorial)\n   clone     Clone a repository into a new directory\n   init      Create an empty Git repository or reinitialize an existing one\n\nwork on the current change (see also: git help everyday)\n   add       Add file contents to the index\n   mv        Move or rename a file, a directory, or a symlink\n   restore   Restore working tree files\n   rm        Remove files from the working tree and from the index\n\nexamine the history and state (see also: git help revisions)\n   bisect    Use binary search to find the commit that introduced a bug\n   diff      Show changes between commits, commit and working tree, etc\n   grep      Print lines matching a pattern\n   log       Show commit logs\n   show      Show various types of objects\n   status    Show the working tree status\n\ngrow, mark and tweak your common history\n   branch    List, create, or delete branches\n   commit    Record changes to the repository\n   merge     Join two or more development histories together\n   rebase    Reapply commits on top of another base tip\n   reset     Reset current HEAD to the specified state\n   switch    Switch branches\n   tag       Create, list, delete or verify a tag object signed with GPG\n\ncollaborate (see also: git help workflows)\n   fetch     Download objects and refs from another repository\n   pull      Fetch from and integrate with another repository or a local branch\n   push      Update remote refs along with associated objects\n\n'git help -a' and 'git help -g' list available subcommands and some\nconcept guides. See 'git help <command>' or 'git help <concept>'\nto read about a specific subcommand or concept.\nSee 'git help git' for an overview of the system.\n""
[0m14:03:22.322987 [debug] [MainThread]: STDERR: "b''"
[0m14:03:22.322987 [info ] [MainThread]:  - git [[32mOK found[0m]

[0m14:03:22.324128 [info ] [MainThread]: Connection test skipped since no profile was found
[0m14:03:22.325135 [info ] [MainThread]: [31m2 checks failed:[0m
[0m14:03:22.325135 [info ] [MainThread]: Could not load dbt_project.yml
Profile loading failed for the following reason:
Runtime Error
  Credentials in profile "test_dbt_project", target "dev" invalid: ['dbname'] is not of type 'string'


[0m14:03:22.326138 [info ] [MainThread]: Project loading failed for the following reason:
 project path <C:\Users\Public\Workshop_spaces\dagster_etl\dbt-dw\dbt_project.yml> not found

[0m14:03:22.327531 [debug] [MainThread]: Command `dbt debug` failed at 14:03:22.327531 after 0.28 seconds
[0m14:03:22.328538 [debug] [MainThread]: Sending event: {'category': 'dbt', 'action': 'invocation', 'label': 'end', 'context': [<snowplow_tracker.self_describing_json.SelfDescribingJson object at 0x000001E9584A6D10>, <snowplow_tracker.self_describing_json.SelfDescribingJson object at 0x000001E951535610>, <snowplow_tracker.self_describing_json.SelfDescribingJson object at 0x000001E9584328D0>]}
[0m14:03:22.328538 [debug] [MainThread]: Flushing usage events
[0m14:03:42.164778 [debug] [MainThread]: Sending event: {'category': 'dbt', 'action': 'invocation', 'label': 'start', 'context': [<snowplow_tracker.self_describing_json.SelfDescribingJson object at 0x0000015E516EFED0>, <snowplow_tracker.self_describing_json.SelfDescribingJson object at 0x0000015E50EF3310>, <snowplow_tracker.self_describing_json.SelfDescribingJson object at 0x0000015E51228390>]}


============================== 14:03:42.168782 | 9244976a-46e6-49cf-a47e-8a66d1d47e28 ==============================
[0m14:03:42.168782 [info ] [MainThread]: Running with dbt=1.7.2
[0m14:03:42.168782 [debug] [MainThread]: running dbt with arguments {'printer_width': '80', 'indirect_selection': 'eager', 'log_cache_events': 'False', 'write_json': 'True', 'partial_parse': 'True', 'cache_selected_only': 'False', 'profiles_dir': 'C:\\Users\\Chinapat Onprasert\\.dbt', 'version_check': 'True', 'fail_fast': 'False', 'log_path': 'logs', 'debug': 'False', 'warn_error': 'None', 'use_colors': 'True', 'use_experimental_parser': 'False', 'no_print': 'None', 'quiet': 'False', 'warn_error_options': 'WarnErrorOptions(include=[], exclude=[])', 'static_parser': 'True', 'log_format': 'default', 'invocation_command': 'dbt run', 'target_path': 'None', 'introspect': 'True', 'send_anonymous_usage_stats': 'True'}
[0m14:03:42.170071 [error] [MainThread]: Encountered an error:
Runtime Error
  No dbt_project.yml found at expected path C:\Users\Public\Workshop_spaces\dagster_etl\dbt-dw\dbt_project.yml
  Verify that each entry within packages.yml (and their transitive dependencies) contains a file named dbt_project.yml
  
[0m14:03:42.172079 [debug] [MainThread]: Command `dbt run` failed at 14:03:42.172079 after 0.08 seconds
[0m14:03:42.173080 [debug] [MainThread]: Sending event: {'category': 'dbt', 'action': 'invocation', 'label': 'end', 'context': [<snowplow_tracker.self_describing_json.SelfDescribingJson object at 0x0000015E51228090>, <snowplow_tracker.self_describing_json.SelfDescribingJson object at 0x0000015E50F02090>, <snowplow_tracker.self_describing_json.SelfDescribingJson object at 0x0000015E49FB3390>]}
[0m14:03:42.174079 [debug] [MainThread]: Flushing usage events
